\BOOKMARK [0][-]{chapter*.2}{List of Figures}{}% 1
\BOOKMARK [0][-]{chapter*.3}{List of Tables}{}% 2
\BOOKMARK [0][-]{chapter.1}{Introduction}{}% 3
\BOOKMARK [1][-]{section.1.1}{Substructure of the atom}{chapter.1}% 4
\BOOKMARK [1][-]{section.1.2}{Quantum Mechanical Spin}{chapter.1}% 5
\BOOKMARK [1][-]{section.1.3}{Nucleon Structure}{chapter.1}% 6
\BOOKMARK [1][-]{section.1.4}{quark model}{chapter.1}% 7
\BOOKMARK [1][-]{section.1.5}{Electron Proton Scattering and Stucture Functions}{chapter.1}% 8
\BOOKMARK [1][-]{section.1.6}{Factorization theorem and the unpolarized parton distribution function}{chapter.1}% 9
\BOOKMARK [0][-]{chapter.2}{Spin Physics}{}% 10
\BOOKMARK [1][-]{section.2.1}{Logintudinally Polarized Deep Inelastic Scattering}{chapter.2}% 11
\BOOKMARK [1][-]{section.2.2}{Proton Spin Crisis}{chapter.2}% 12
\BOOKMARK [1][-]{section.2.3}{Transversity Distribution Function}{chapter.2}% 13
\BOOKMARK [1][-]{section.2.4}{First Experimental Measurements of Transversity}{chapter.2}% 14
\BOOKMARK [2][-]{subsection.2.4.1}{In Single Hadron Production semi-inclusive DIS}{section.2.4}% 15
\BOOKMARK [2][-]{subsection.2.4.2}{In Double Hadron Production semi-inclusive DIS}{section.2.4}% 16
\BOOKMARK [2][-]{subsection.2.4.3}{In Proton Collisions}{section.2.4}% 17
\BOOKMARK [1][-]{section.2.5}{Measuring the Interference Fragmentation Function at Belle}{chapter.2}% 18
\BOOKMARK [1][-]{section.2.6}{Extracting IFF}{chapter.2}% 19
\BOOKMARK [1][-]{section.2.7}{Summary}{chapter.2}% 20
\BOOKMARK [0][-]{chapter.3}{RHIC and The STAR Experiment}{}% 21
\BOOKMARK [1][-]{section.3.1}{The RHIC complex}{chapter.3}% 22
\BOOKMARK [1][-]{section.3.2}{The STAR Detector}{chapter.3}% 23
\BOOKMARK [1][-]{section.3.3}{STAR triggers?}{chapter.3}% 24
\BOOKMARK [0][-]{chapter.4}{Theoretical Background for Analysis}{}% 25
\BOOKMARK [0][-]{chapter.5}{2006 analysis and sim}{}% 26
\BOOKMARK [0][-]{chapter.6}{2012 IFF}{}% 27
\BOOKMARK [1][-]{section.6.1}{Data Set, Triggers, and Cuts}{chapter.6}% 28
\BOOKMARK [1][-]{section.6.2}{Particle Identification and Contamination}{chapter.6}% 29
\BOOKMARK [1][-]{section.6.3}{Finding +- Pairs}{chapter.6}% 30
\BOOKMARK [1][-]{section.6.4}{Pair Distributions}{chapter.6}% 31
\BOOKMARK [1][-]{section.6.5}{Calculating The Asymmetry}{chapter.6}% 32
\BOOKMARK [1][-]{section.6.6}{Analysis Code}{chapter.6}% 33
\BOOKMARK [0][-]{chapter.7}{Results}{}% 34
\BOOKMARK [1][-]{section.7.1}{One Dimensional Kinematic Binning}{chapter.7}% 35
\BOOKMARK [1][-]{section.7.2}{Checking for Asymmetry in Same Sign Pairs}{chapter.7}% 36
\BOOKMARK [1][-]{section.7.3}{Check For Other False Asymmetries}{chapter.7}% 37
\BOOKMARK [1][-]{section.7.4}{Two Dimensional Kinematic Binning}{chapter.7}% 38
\BOOKMARK [1][-]{section.7.5}{Asymmetry with partial wave expansion}{chapter.7}% 39
\BOOKMARK [1][-]{section.7.6}{Kaon Pion Pairs}{chapter.7}% 40
\BOOKMARK [0][-]{chapter.8}{Theoretical Predictions}{}% 41
\BOOKMARK [1][-]{subsection.8.0.1}{Predictions for 2006}{chapter.8}% 42
\BOOKMARK [2][-]{subsection.8.0.2}{Predictions for 2012}{subsection.8.0.1}% 43
\BOOKMARK [0][-]{chapter.9}{Pythia Tune Selection}{}% 44
\BOOKMARK [0][-]{chapter.10}{Embedding Analysis}{}% 45
\BOOKMARK [0][-]{chapter.11}{Trigger Bias}{}% 46
\BOOKMARK [0][-]{chapter.12}{discussion}{}% 47
\BOOKMARK [0][-]{chapter*.116}{Bibliography}{}% 48
