This is pdfTeX, Version 3.1415926-2.4-1.40.13 (TeX Live 2012) (format=pdflatex 2012.6.30)  19 AUG 2015 12:17
entering extended mode
 \write18 enabled.
 file:line:error style messages enabled.
 %&-line parsing enabled.
**/Users/keithlandry/Desktop/Research/Thesis/TSWLatexianTemp_004285.tex
(/Users/keithlandry/Desktop/Research/Thesis/TSWLatexianTemp_004285.tex
LaTeX2e <2011/06/27>
Babel <v3.8m> and hyphenation patterns for english, dumylang, nohyphenation, german-x-2012-05-30, ngerman-x-2012-05-30, afrikaans, ancientgreek, ibycus, arabic, armenian, basque, bulgarian, catalan, pinyin, coptic, croatian, czech, danish, dutch, ukenglish, usenglishmax, esperanto, estonian, ethiopic, farsi, finnish, french, friulan, galician, german, ngerman, swissgerman, monogreek, greek, hungarian, icelandic, assamese, bengali, gujarati, hindi, kannada, malayalam, marathi, oriya, panjabi, tamil, telugu, indonesian, interlingua, irish, italian, kurmanji, latin, latvian, lithuanian, mongolian, mongolianlmc, bokmal, nynorsk, polish, portuguese, romanian, romansh, russian, sanskrit, serbian, serbianc, slovak, slovenian, spanish, swedish, turkish, turkmen, ukrainian, uppersorbian, welsh, loaded.
(/usr/local/texlive/2012/texmf-dist/tex/latex/koma-script/scrreprt.cls
Document Class: scrreprt 2012/05/15 v3.11 KOMA-Script document class (report)
(/usr/local/texlive/2012/texmf-dist/tex/latex/koma-script/scrkbase.sty
Package: scrkbase 2012/05/15 v3.11 KOMA-Script package (KOMA-Script-dependent basics and keyval usage)
 (/usr/local/texlive/2012/texmf-dist/tex/latex/koma-script/scrbase.sty
Package: scrbase 2012/05/15 v3.11 KOMA-Script package (KOMA-Script-independent basics and keyval usage)
 (/usr/local/texlive/2012/texmf-dist/tex/latex/graphics/keyval.sty
Package: keyval 1999/03/16 v1.13 key=value parser (DPC)
\KV@toks@=\toks14
) (/usr/local/texlive/2012/texmf-dist/tex/latex/koma-script/scrlfile.sty
Package: scrlfile 2011/03/09 v3.09 KOMA-Script package (loading files)

Package scrlfile, 2011/03/09 v3.09 KOMA-Script package (loading files)
                  Copyright (C) Markus Kohm

))) (/usr/local/texlive/2012/texmf-dist/tex/latex/koma-script/tocbasic.sty
Package: tocbasic 2012/04/04 v3.10b KOMA-Script package (handling toc-files)
)
Package tocbasic Info: omitting babel extension for `toc'
(tocbasic)             because of feature `nobabel' available
(tocbasic)             for `toc' on input line 117.
Package tocbasic Info: omitting babel extension for `lof'
(tocbasic)             because of feature `nobabel' available
(tocbasic)             for `lof' on input line 118.
Package tocbasic Info: omitting babel extension for `lot'
(tocbasic)             because of feature `nobabel' available
(tocbasic)             for `lot' on input line 119.
Class scrreprt Info: File `scrsize11pt.clo' used instead of
(scrreprt)           file `scrsize11.clo' to setup font sizes on input line 1365.
 (/usr/local/texlive/2012/texmf-dist/tex/latex/koma-script/scrsize11pt.clo
File: scrsize11pt.clo 2012/05/15 v3.11 KOMA-Script font size class option (11pt)
) (/usr/local/texlive/2012/texmf-dist/tex/latex/koma-script/typearea.sty
Package: typearea 2012/05/15 v3.11 KOMA-Script package (type area)

Package typearea, 2012/05/15 v3.11 KOMA-Script package (type area)
                  Copyright (C) Frank Neukam, 1992-1994
                  Copyright (C) Markus Kohm, 1994-

\ta@bcor=\skip41
\ta@div=\count79
\ta@hblk=\skip42
\ta@vblk=\skip43
\ta@temp=\skip44
Package typearea Info: These are the values describing the layout:
(typearea)             DIV  = 10
(typearea)             BCOR = 0.0pt
(typearea)             \paperwidth      = 597.50793pt
(typearea)              \textwidth      = 418.25555pt
(typearea)              DIV departure   = -6%
(typearea)              \evensidemargin = 17.3562pt
(typearea)              \oddsidemargin  = 17.3562pt
(typearea)             \paperheight     = 845.04694pt
(typearea)              \textheight     = 595.80026pt
(typearea)              \topmargin      = -25.16531pt
(typearea)              \headheight     = 17.0pt
(typearea)              \headsep        = 20.40001pt
(typearea)              \topskip        = 11.0pt
(typearea)              \footskip       = 47.60002pt
(typearea)              \baselineskip   = 13.6pt
(typearea)              on input line 1211.
)
\c@part=\count80
\c@chapter=\count81
\c@section=\count82
\c@subsection=\count83
\c@subsubsection=\count84
\c@paragraph=\count85
\c@subparagraph=\count86
\abovecaptionskip=\skip45
\belowcaptionskip=\skip46
\c@pti@nb@sid@b@x=\box26
\c@figure=\count87
\c@table=\count88
\bibindent=\dimen102
) (/usr/local/texlive/2012/texmf-dist/tex/latex/graphics/graphicx.sty
Package: graphicx 1999/02/16 v1.0f Enhanced LaTeX Graphics (DPC,SPQR)
 (/usr/local/texlive/2012/texmf-dist/tex/latex/graphics/graphics.sty
Package: graphics 2009/02/05 v1.0o Standard LaTeX Graphics (DPC,SPQR)
 (/usr/local/texlive/2012/texmf-dist/tex/latex/graphics/trig.sty
Package: trig 1999/03/16 v1.09 sin cos tan (DPC)
) (/usr/local/texlive/2012/texmf-dist/tex/latex/latexconfig/graphics.cfg
File: graphics.cfg 2010/04/23 v1.9 graphics configuration of TeX Live
)
Package graphics Info: Driver file: pdftex.def on input line 91.
 (/usr/local/texlive/2012/texmf-dist/tex/latex/pdftex-def/pdftex.def
File: pdftex.def 2011/05/27 v0.06d Graphics/color for pdfTeX
 (/usr/local/texlive/2012/texmf-dist/tex/generic/oberdiek/infwarerr.sty
Package: infwarerr 2010/04/08 v1.3 Providing info/warning/error messages (HO)
) (/usr/local/texlive/2012/texmf-dist/tex/generic/oberdiek/ltxcmds.sty
Package: ltxcmds 2011/11/09 v1.22 LaTeX kernel commands for general use (HO)
)
\Gread@gobject=\count89
))
\Gin@req@height=\dimen103
\Gin@req@width=\dimen104
) (/usr/local/texlive/2012/texmf-dist/tex/latex/geometry/geometry.sty
Package: geometry 2010/09/12 v5.6 Page Geometry
 (/usr/local/texlive/2012/texmf-dist/tex/generic/oberdiek/ifpdf.sty
Package: ifpdf 2011/01/30 v2.3 Provides the ifpdf switch (HO)
Package ifpdf Info: pdfTeX in PDF mode is detected.
) (/usr/local/texlive/2012/texmf-dist/tex/generic/oberdiek/ifvtex.sty
Package: ifvtex 2010/03/01 v1.5 Detect VTeX and its facilities (HO)
Package ifvtex Info: VTeX not detected.
) (/usr/local/texlive/2012/texmf-dist/tex/generic/ifxetex/ifxetex.sty
Package: ifxetex 2010/09/12 v0.6 Provides ifxetex conditional
)
\Gm@cnth=\count90
\Gm@cntv=\count91
\c@Gm@tempcnt=\count92
\Gm@bindingoffset=\dimen105
\Gm@wd@mp=\dimen106
\Gm@odd@mp=\dimen107
\Gm@even@mp=\dimen108
\Gm@layoutwidth=\dimen109
\Gm@layoutheight=\dimen110
\Gm@layouthoffset=\dimen111
\Gm@layoutvoffset=\dimen112
\Gm@dimlist=\toks15
) (/usr/local/texlive/2012/texmf-dist/tex/latex/placeins/placeins.sty
Package: placeins 2005/04/18  v 2.2
) (/usr/local/texlive/2012/texmf-dist/tex/latex/tools/indentfirst.sty
Package: indentfirst 1995/11/23 v1.03 Indent first paragraph (DPC)
) (/usr/local/texlive/2012/texmf-dist/tex/latex/amsmath/amsmath.sty
Package: amsmath 2000/07/18 v2.13 AMS math features
\@mathmargin=\skip47

For additional information on amsmath, use the `?' option.
(/usr/local/texlive/2012/texmf-dist/tex/latex/amsmath/amstext.sty
Package: amstext 2000/06/29 v2.01
 (/usr/local/texlive/2012/texmf-dist/tex/latex/amsmath/amsgen.sty
File: amsgen.sty 1999/11/30 v2.0
\@emptytoks=\toks16
\ex@=\dimen113
)) (/usr/local/texlive/2012/texmf-dist/tex/latex/amsmath/amsbsy.sty
Package: amsbsy 1999/11/29 v1.2d
\pmbraise@=\dimen114
) (/usr/local/texlive/2012/texmf-dist/tex/latex/amsmath/amsopn.sty
Package: amsopn 1999/12/14 v2.01 operator names
)
\inf@bad=\count93
LaTeX Info: Redefining \frac on input line 211.
\uproot@=\count94
\leftroot@=\count95
LaTeX Info: Redefining \overline on input line 307.
\classnum@=\count96
\DOTSCASE@=\count97
LaTeX Info: Redefining \ldots on input line 379.
LaTeX Info: Redefining \dots on input line 382.
LaTeX Info: Redefining \cdots on input line 467.
\Mathstrutbox@=\box27
\strutbox@=\box28
\big@size=\dimen115
LaTeX Font Info:    Redeclaring font encoding OML on input line 567.
LaTeX Font Info:    Redeclaring font encoding OMS on input line 568.
\macc@depth=\count98
\c@MaxMatrixCols=\count99
\dotsspace@=\muskip10
\c@parentequation=\count100
\dspbrk@lvl=\count101
\tag@help=\toks17
\row@=\count102
\column@=\count103
\maxfields@=\count104
\andhelp@=\toks18
\eqnshift@=\dimen116
\alignsep@=\dimen117
\tagshift@=\dimen118
\tagwidth@=\dimen119
\totwidth@=\dimen120
\lineht@=\dimen121
\@envbody=\toks19
\multlinegap=\skip48
\multlinetaggap=\skip49
\mathdisplay@stack=\toks20
LaTeX Info: Redefining \[ on input line 2666.
LaTeX Info: Redefining \] on input line 2667.
) (/usr/local/texlive/2012/texmf-dist/tex/latex/amsfonts/amssymb.sty
Package: amssymb 2009/06/22 v3.00
 (/usr/local/texlive/2012/texmf-dist/tex/latex/amsfonts/amsfonts.sty
Package: amsfonts 2009/06/22 v3.00 Basic AMSFonts support
\symAMSa=\mathgroup4
\symAMSb=\mathgroup5
LaTeX Font Info:    Overwriting math alphabet `\mathfrak' in version `bold'
(Font)                  U/euf/m/n --> U/euf/b/n on input line 96.
)) (/usr/local/texlive/2012/texmf-dist/tex/latex/subfig/subfig.sty
Package: subfig 2005/06/28 ver: 1.3 subfig package
 (/usr/local/texlive/2012/texmf-dist/tex/latex/caption/caption.sty
Package: caption 2012/02/19 v3.2f Customizing captions (AR)
 (/usr/local/texlive/2012/texmf-dist/tex/latex/caption/caption3.sty
Package: caption3 2012/01/12 v1.4b caption3 kernel (AR)
\captionmargin=\dimen122
\captionmargin@=\dimen123
\captionwidth=\dimen124
\caption@indent=\dimen125
\caption@parindent=\dimen126
\caption@hangindent=\dimen127
)
Package caption Info: KOMA-Script document class.
\c@ContinuedFloat=\count105
)
\c@KVtest=\count106
\sf@farskip=\skip50
\sf@captopadj=\dimen128
\sf@capskip=\skip51
\sf@nearskip=\skip52
\c@subfigure=\count107
\c@subfigure@save=\count108
\c@lofdepth=\count109
\c@subtable=\count110
\c@subtable@save=\count111
\c@lotdepth=\count112
\sf@top=\skip53
\sf@bottom=\skip54
) (/usr/local/texlive/2012/texmf-dist/tex/latex/subfloat/subfloat.sty
Package: subfloat 2003/08/21 version 2.14
 Package `subfloat', Version 2.14 of 2003/08/21.
\c@subfloatfiguremax=\count113
\c@subfloattablemax=\count114
) (/usr/local/texlive/2012/texmf-dist/tex/latex/enumitem/enumitem.sty
Package: enumitem 2011/09/28 v3.5.2 Customized lists
\labelindent=\skip55
\enit@outerparindent=\dimen129
\enit@toks=\toks21
\enit@inbox=\box29
\enitdp@description=\count115
) (/usr/local/texlive/2012/texmf-dist/tex/latex/tools/calc.sty
Package: calc 2007/08/22 v4.3 Infix arithmetic (KKT,FJ)
\calc@Acount=\count116
\calc@Bcount=\count117
\calc@Adimen=\dimen130
\calc@Bdimen=\dimen131
\calc@Askip=\skip56
\calc@Bskip=\skip57
LaTeX Info: Redefining \setlength on input line 76.
LaTeX Info: Redefining \addtolength on input line 77.
\calc@Ccount=\count118
\calc@Cskip=\skip58
) (/usr/local/texlive/2012/texmf-dist/tex/latex/biblatex/biblatex.sty
Package: biblatex 2011/11/13 v1.7 programmable bibliographies
 (/usr/local/texlive/2012/texmf-dist/tex/latex/etoolbox/etoolbox.sty
Package: etoolbox 2011/01/03 v2.1 e-TeX tools for LaTeX
 (/usr/local/texlive/2012/texmf-dist/tex/latex/etex-pkg/etex.sty
Package: etex 1998/03/26 v2.0 eTeX basic definition package (PEB)
\et@xins=\count119
)
\etb@tempcnta=\count120
) (/usr/local/texlive/2012/texmf-dist/tex/latex/logreq/logreq.sty
Package: logreq 2010/08/04 v1.0 xml request logger
\lrq@indent=\count121
 (/usr/local/texlive/2012/texmf-dist/tex/latex/logreq/logreq.def
File: logreq.def 2010/08/04 v1.0 logreq spec v1.0
)) (/usr/local/texlive/2012/texmf-dist/tex/latex/base/ifthen.sty
Package: ifthen 2001/05/26 v1.1c Standard LaTeX ifthen package (DPC)
) (/usr/local/texlive/2012/texmf-dist/tex/latex/url/url.sty
\Urlmuskip=\muskip11
Package: url 2006/04/12  ver 3.3  Verb mode for urls, etc.
)
\c@listtotal=\count122
\c@listcount=\count123
\c@liststart=\count124
\c@liststop=\count125
\c@citecount=\count126
\c@citetotal=\count127
\c@multicitecount=\count128
\c@multicitetotal=\count129
\c@instcount=\count130
\c@maxnames=\count131
\c@minnames=\count132
\c@maxitems=\count133
\c@minitems=\count134
\c@citecounter=\count135
\c@savedcitecounter=\count136
\c@uniquelist=\count137
\c@uniquename=\count138
\c@refsection=\count139
\c@refsegment=\count140
\c@maxextrayear=\count141
\c@maxextraalpha=\count142
\c@abbrvpenalty=\count143
\c@highnamepenalty=\count144
\c@lownamepenalty=\count145
\c@maxparens=\count146
\c@parenlevel=\count147
\blx@tempcnta=\count148
\blx@tempcntb=\count149
\blx@tempcntc=\count150
\blx@maxsection=\count151
\blx@maxsegment=\count152
\blx@notetype=\count153
\blx@parenlevel@text=\count154
\blx@parenlevel@foot=\count155
\labelnumberwidth=\skip59
\labelalphawidth=\skip60
\shorthandwidth=\skip61
\biblabelsep=\skip62
\bibitemsep=\skip63
\bibnamesep=\skip64
\bibinitsep=\skip65
\bibparsep=\skip66
\bibhang=\skip67
\blx@auxin=\read1
\blx@auxout=\write3
\c@mincomprange=\count156
\c@maxcomprange=\count157
\c@mincompwidth=\count158
\c@labelname=\count159
\c@savedlabelname=\count160
\c@author=\count161
\c@savedauthor=\count162
\c@shortauthor=\count163
\c@savedshortauthor=\count164
\c@editor=\count165
\c@savededitor=\count166
\c@editora=\count167
\c@savededitora=\count168
\c@editorb=\count169
\c@savededitorb=\count170
\c@editorc=\count171
\c@savededitorc=\count172
\c@shorteditor=\count173
\c@savedshorteditor=\count174
\c@bookauthor=\count175
\c@savedbookauthor=\count176
\c@translator=\count177
\c@savedtranslator=\count178
\c@annotator=\count179
\c@savedannotator=\count180
\c@commentator=\count181
\c@savedcommentator=\count182
\c@introduction=\count183
\c@savedintroduction=\count184
\c@foreword=\count185
\c@savedforeword=\count186
\c@afterword=\count187
\c@savedafterword=\count188
\c@holder=\count189
\c@savedholder=\count190
\c@namea=\count191
\c@savednamea=\count192
\c@nameb=\count193
\c@savednameb=\count194
\c@namec=\count195
\c@savednamec=\count196
\c@institution=\count197
\c@savedinstitution=\count198
\c@language=\count199
\c@savedlanguage=\count200
\c@location=\count201
\c@savedlocation=\count202
\c@organization=\count203
\c@savedorganization=\count204
\c@origlocation=\count205
\c@savedoriglocation=\count206
\c@origpublisher=\count207
\c@savedorigpublisher=\count208
\c@pageref=\count209
\c@savedpageref=\count210
\c@publisher=\count211
\c@savedpublisher=\count212
\c@lista=\count213
\c@savedlista=\count214
\c@listb=\count215
\c@savedlistb=\count216
\c@listc=\count217
\c@savedlistc=\count218
\c@listd=\count219
\c@savedlistd=\count220
\c@liste=\count221
\c@savedliste=\count222
\c@listf=\count223
\c@savedlistf=\count224
Package biblatex Info: Trying to load compatibility code...
Package biblatex Info: ... file 'blx-compat.def' found.
 (/usr/local/texlive/2012/texmf-dist/tex/latex/biblatex/blx-compat.def
File: blx-compat.def 2011/11/13 v1.7 biblatex generic compatibility
)
Package biblatex Info: Trying to load generic definitions...
Package biblatex Info: ... file 'biblatex.def' found.
 (/usr/local/texlive/2012/texmf-dist/tex/latex/biblatex/biblatex.def
File: biblatex.def 2011/11/13 v1.7 biblatex generic definitions
\c@biburlnumpenalty=\count225
\c@biburlucpenalty=\count226
\c@biburllcpenalty=\count227
\c@smartand=\count228
)
Package biblatex Info: Trying to load bibliography style 'numeric'...
Package biblatex Info: ... file 'numeric.bbx' found.
 (/usr/local/texlive/2012/texmf-dist/tex/latex/biblatex/bbx/numeric.bbx
File: numeric.bbx 2011/11/13 v1.7 biblatex bibliography style
Package biblatex Info: Trying to load bibliography style 'standard'...
Package biblatex Info: ... file 'standard.bbx' found.
 (/usr/local/texlive/2012/texmf-dist/tex/latex/biblatex/bbx/standard.bbx
File: standard.bbx 2011/11/13 v1.7 biblatex bibliography style
))
Package biblatex Info: Trying to load citation style 'numeric'...
Package biblatex Info: ... file 'numeric.cbx' found.
 (/usr/local/texlive/2012/texmf-dist/tex/latex/biblatex/cbx/numeric.cbx
File: numeric.cbx 2011/11/13 v1.7 biblatex citation style
Package biblatex Info: Redefining '\cite'.
Package biblatex Info: Redefining '\parencite'.
Package biblatex Info: Redefining '\footcite'.
Package biblatex Info: Redefining '\footcitetext'.
Package biblatex Info: Redefining '\smartcite'.
Package biblatex Info: Redefining '\textcite'.
Package biblatex Info: Redefining '\supercite'.
Package biblatex Info: Redefining '\cites'.
Package biblatex Info: Redefining '\parencites'.
Package biblatex Info: Redefining '\smartcites'.
)
Package biblatex Info: Trying to load configuration file...
Package biblatex Info: ... file 'biblatex.cfg' found.
 (/usr/local/texlive/2012/texmf-dist/tex/latex/biblatex/biblatex.cfg
File: biblatex.cfg 
)) (/usr/local/texlive/2012/texmf-dist/tex/latex/wrapfig/wrapfig.sty
\wrapoverhang=\dimen132
\WF@size=\dimen133
\c@WF@wrappedlines=\count229
\WF@box=\box30
\WF@everypar=\toks22
Package: wrapfig 2003/01/31  v 3.6
) (/usr/local/texlive/2012/texmf-dist/tex/latex/graphics/lscape.sty
Package: lscape 2000/10/22 v3.01 Landscape Pages (DPC)
) (/usr/local/texlive/2012/texmf-dist/tex/latex/rotating/rotating.sty
Package: rotating 2009/03/28 v2.16a rotated objects in LaTeX
\c@r@tfl@t=\count230
\rotFPtop=\skip68
\rotFPbot=\skip69
\rot@float@box=\box31
\rot@mess@toks=\toks23
) (/usr/local/texlive/2012/texmf-dist/tex/latex/oberdiek/epstopdf.sty
Package: epstopdf 2010/02/09 v2.5 Conversion with epstopdf on the fly (HO)
 (/usr/local/texlive/2012/texmf-dist/tex/latex/oberdiek/epstopdf-base.sty
Package: epstopdf-base 2010/02/09 v2.5 Base part for package epstopdf
 (/usr/local/texlive/2012/texmf-dist/tex/latex/oberdiek/grfext.sty
Package: grfext 2010/08/19 v1.1 Manage graphics extensions (HO)
 (/usr/local/texlive/2012/texmf-dist/tex/generic/oberdiek/kvdefinekeys.sty
Package: kvdefinekeys 2011/04/07 v1.3 Define keys (HO)
)) (/usr/local/texlive/2012/texmf-dist/tex/latex/oberdiek/kvoptions.sty
Package: kvoptions 2011/06/30 v3.11 Key value format for package options (HO)
 (/usr/local/texlive/2012/texmf-dist/tex/generic/oberdiek/kvsetkeys.sty
Package: kvsetkeys 2012/04/25 v1.16 Key value parser (HO)
 (/usr/local/texlive/2012/texmf-dist/tex/generic/oberdiek/etexcmds.sty
Package: etexcmds 2011/02/16 v1.5 Avoid name clashes with e-TeX commands (HO)
 (/usr/local/texlive/2012/texmf-dist/tex/generic/oberdiek/ifluatex.sty
Package: ifluatex 2010/03/01 v1.3 Provides the ifluatex switch (HO)
Package ifluatex Info: LuaTeX not detected.
)
Package etexcmds Info: Could not find \expanded.
(etexcmds)             That can mean that you are not using pdfTeX 1.50 or
(etexcmds)             that some package has redefined \expanded.
(etexcmds)             In the latter case, load this package earlier.
))) (/usr/local/texlive/2012/texmf-dist/tex/generic/oberdiek/pdftexcmds.sty
Package: pdftexcmds 2011/11/29 v0.20 Utility functions of pdfTeX for LuaTeX (HO)
Package pdftexcmds Info: LuaTeX not detected.
Package pdftexcmds Info: \pdf@primitive is available.
Package pdftexcmds Info: \pdf@ifprimitive is available.
Package pdftexcmds Info: \pdfdraftmode found.
)
Package grfext Info: Graphics extension search list:
(grfext)             [.png,.pdf,.jpg,.mps,.jpeg,.jbig2,.jb2,.PNG,.PDF,.JPG,.JPEG,.JBIG2,.JB2,.eps]
(grfext)             \AppendGraphicsExtensions on input line 452.
 (/usr/local/texlive/2012/texmf-dist/tex/latex/latexconfig/epstopdf-sys.cfg
File: epstopdf-sys.cfg 2010/07/13 v1.3 Configuration of (r)epstopdf for TeX Live
))) (/usr/local/texlive/2012/texmf-dist/tex/latex/hyperref/hyperref.sty
Package: hyperref 2012/05/13 v6.82q Hypertext links for LaTeX
 (/usr/local/texlive/2012/texmf-dist/tex/generic/oberdiek/hobsub-hyperref.sty
Package: hobsub-hyperref 2012/05/28 v1.13 Bundle oberdiek, subset hyperref (HO)
 (/usr/local/texlive/2012/texmf-dist/tex/generic/oberdiek/hobsub-generic.sty
Package: hobsub-generic 2012/05/28 v1.13 Bundle oberdiek, subset generic (HO)
Package: hobsub 2012/05/28 v1.13 Construct package bundles (HO)
Package hobsub Info: Skipping package `infwarerr' (already loaded).
Package hobsub Info: Skipping package `ltxcmds' (already loaded).
Package hobsub Info: Skipping package `ifluatex' (already loaded).
Package hobsub Info: Skipping package `ifvtex' (already loaded).
Package: intcalc 2007/09/27 v1.1 Expandable calculations with integers (HO)
Package hobsub Info: Skipping package `ifpdf' (already loaded).
Package hobsub Info: Skipping package `etexcmds' (already loaded).
Package hobsub Info: Skipping package `kvsetkeys' (already loaded).
Package hobsub Info: Skipping package `kvdefinekeys' (already loaded).
Package hobsub Info: Skipping package `pdftexcmds' (already loaded).
Package: pdfescape 2011/11/25 v1.13 Implements pdfTeX's escape features (HO)
Package: bigintcalc 2012/04/08 v1.3 Expandable calculations on big integers (HO)
Package: bitset 2011/01/30 v1.1 Handle bit-vector datatype (HO)
Package: uniquecounter 2011/01/30 v1.2 Provide unlimited unique counter (HO)
)
Package hobsub Info: Skipping package `hobsub' (already loaded).
Package: letltxmacro 2010/09/02 v1.4 Let assignment for LaTeX macros (HO)
Package: hopatch 2012/05/28 v1.2 Wrapper for package hooks (HO)
Package: xcolor-patch 2011/01/30 xcolor patch
Package: atveryend 2011/06/30 v1.8 Hooks at the very end of document (HO)
Package: atbegshi 2011/10/05 v1.16 At begin shipout hook (HO)
Package: refcount 2011/10/16 v3.4 Data extraction from label references (HO)
Package: hycolor 2011/01/30 v1.7 Color options for hyperref/bookmark (HO)
)
\@linkdim=\dimen134
\Hy@linkcounter=\count231
\Hy@pagecounter=\count232
 (/usr/local/texlive/2012/texmf-dist/tex/latex/hyperref/pd1enc.def
File: pd1enc.def 2012/05/13 v6.82q Hyperref: PDFDocEncoding definition (HO)
)
\Hy@SavedSpaceFactor=\count233
 (/usr/local/texlive/2012/texmf-dist/tex/latex/latexconfig/hyperref.cfg
File: hyperref.cfg 2002/06/06 v1.2 hyperref configuration of TeXLive
)
Package hyperref Info: Hyper figures OFF on input line 4062.
Package hyperref Info: Link nesting OFF on input line 4067.
Package hyperref Info: Hyper index ON on input line 4070.
Package hyperref Info: Plain pages OFF on input line 4077.
Package hyperref Info: Backreferencing OFF on input line 4082.
Package hyperref Info: Implicit mode ON; LaTeX internals redefined.
Package hyperref Info: Bookmarks ON on input line 4300.
Normal \count register pool exhausted, switching to extended pool.
\c@Hy@tempcnt=\count277
LaTeX Info: Redefining \url on input line 4653.
\Fld@menulength=\count278
\Field@Width=\dimen135
\Fld@charsize=\dimen136
Package hyperref Info: Hyper figures OFF on input line 5773.
Package hyperref Info: Link nesting OFF on input line 5778.
Package hyperref Info: Hyper index ON on input line 5781.
Package hyperref Info: backreferencing OFF on input line 5788.
Package hyperref Info: Link coloring OFF on input line 5793.
Package hyperref Info: Link coloring with OCG OFF on input line 5798.
Package hyperref Info: PDF/A mode OFF on input line 5803.
LaTeX Info: Redefining \ref on input line 5843.
LaTeX Info: Redefining \pageref on input line 5847.
\Hy@abspage=\count279
\c@Item=\count280
\c@Hfootnote=\count281
)

Package hyperref Message: Driver (autodetected): hpdftex.

(/usr/local/texlive/2012/texmf-dist/tex/latex/hyperref/hpdftex.def
File: hpdftex.def 2012/05/13 v6.82q Hyperref driver for pdfTeX
\Fld@listcount=\count282
\c@bookmark@seq@number=\count283
 (/usr/local/texlive/2012/texmf-dist/tex/latex/oberdiek/rerunfilecheck.sty
Package: rerunfilecheck 2011/04/15 v1.7 Rerun checks for auxiliary files (HO)
Package uniquecounter Info: New unique counter `rerunfilecheck' on input line 282.
)
\Hy@SectionHShift=\skip70
)
Package hyperref Info: Option `colorlinks' set `true' on input line 40.
 (/usr/local/texlive/2012/texmf-dist/tex/latex/pgf/frontendlayer/tikz.sty (/usr/local/texlive/2012/texmf-dist/tex/latex/pgf/basiclayer/pgf.sty (/usr/local/texlive/2012/texmf-dist/tex/latex/pgf/utilities/pgfrcs.sty (/usr/local/texlive/2012/texmf-dist/tex/generic/pgf/utilities/pgfutil-common.tex
\pgfutil@everybye=\toks24
) (/usr/local/texlive/2012/texmf-dist/tex/generic/pgf/utilities/pgfutil-latex.def
\pgfutil@abb=\box32
 (/usr/local/texlive/2012/texmf-dist/tex/latex/ms/everyshi.sty
Package: everyshi 2001/05/15 v3.00 EveryShipout Package (MS)
)) (/usr/local/texlive/2012/texmf-dist/tex/generic/pgf/utilities/pgfrcs.code.tex
Package: pgfrcs 2010/10/25 v2.10 (rcs-revision 1.24)
))
Package: pgf 2008/01/15 v2.10 (rcs-revision 1.12)
 (/usr/local/texlive/2012/texmf-dist/tex/latex/pgf/basiclayer/pgfcore.sty (/usr/local/texlive/2012/texmf-dist/tex/latex/pgf/systemlayer/pgfsys.sty (/usr/local/texlive/2012/texmf-dist/tex/generic/pgf/systemlayer/pgfsys.code.tex
Package: pgfsys 2010/06/30 v2.10 (rcs-revision 1.37)
 (/usr/local/texlive/2012/texmf-dist/tex/generic/pgf/utilities/pgfkeys.code.tex
\pgfkeys@pathtoks=\toks25
\pgfkeys@temptoks=\toks26
 (/usr/local/texlive/2012/texmf-dist/tex/generic/pgf/utilities/pgfkeysfiltered.code.tex
\pgfkeys@tmptoks=\toks27
))
\pgf@x=\dimen137
\pgf@y=\dimen138
\pgf@xa=\dimen139
\pgf@ya=\dimen140
\pgf@xb=\dimen141
\pgf@yb=\dimen142
\pgf@xc=\dimen143
\pgf@yc=\dimen144
\w@pgf@writea=\write4
\r@pgf@reada=\read2
\c@pgf@counta=\count284
\c@pgf@countb=\count285
\c@pgf@countc=\count286
\c@pgf@countd=\count287
 (/usr/local/texlive/2012/texmf-dist/tex/generic/pgf/systemlayer/pgf.cfg
File: pgf.cfg 2008/05/14  (rcs-revision 1.7)
)
Package pgfsys Info: Driver file for pgf: pgfsys-pdftex.def on input line 900.
 (/usr/local/texlive/2012/texmf-dist/tex/generic/pgf/systemlayer/pgfsys-pdftex.def
File: pgfsys-pdftex.def 2009/05/22  (rcs-revision 1.26)
 (/usr/local/texlive/2012/texmf-dist/tex/generic/pgf/systemlayer/pgfsys-common-pdf.def
File: pgfsys-common-pdf.def 2008/05/19  (rcs-revision 1.10)
))) (/usr/local/texlive/2012/texmf-dist/tex/generic/pgf/systemlayer/pgfsyssoftpath.code.tex
File: pgfsyssoftpath.code.tex 2008/07/18  (rcs-revision 1.7)
\pgfsyssoftpath@smallbuffer@items=\count288
\pgfsyssoftpath@bigbuffer@items=\count289
) (/usr/local/texlive/2012/texmf-dist/tex/generic/pgf/systemlayer/pgfsysprotocol.code.tex
File: pgfsysprotocol.code.tex 2006/10/16  (rcs-revision 1.4)
)) (/usr/local/texlive/2012/texmf-dist/tex/latex/xcolor/xcolor.sty
Package: xcolor 2007/01/21 v2.11 LaTeX color extensions (UK)
 (/usr/local/texlive/2012/texmf-dist/tex/latex/latexconfig/color.cfg
File: color.cfg 2007/01/18 v1.5 color configuration of teTeX/TeXLive
)
Package xcolor Info: Driver file: pdftex.def on input line 225.
Package xcolor Info: Model `cmy' substituted by `cmy0' on input line 1337.
Package xcolor Info: Model `hsb' substituted by `rgb' on input line 1341.
Package xcolor Info: Model `RGB' extended on input line 1353.
Package xcolor Info: Model `HTML' substituted by `rgb' on input line 1355.
Package xcolor Info: Model `Hsb' substituted by `hsb' on input line 1356.
Package xcolor Info: Model `tHsb' substituted by `hsb' on input line 1357.
Package xcolor Info: Model `HSB' substituted by `hsb' on input line 1358.
Package xcolor Info: Model `Gray' substituted by `gray' on input line 1359.
Package xcolor Info: Model `wave' substituted by `hsb' on input line 1360.
) (/usr/local/texlive/2012/texmf-dist/tex/generic/pgf/basiclayer/pgfcore.code.tex
Package: pgfcore 2010/04/11 v2.10 (rcs-revision 1.7)
 (/usr/local/texlive/2012/texmf-dist/tex/generic/pgf/math/pgfmath.code.tex (/usr/local/texlive/2012/texmf-dist/tex/generic/pgf/math/pgfmathcalc.code.tex (/usr/local/texlive/2012/texmf-dist/tex/generic/pgf/math/pgfmathutil.code.tex) (/usr/local/texlive/2012/texmf-dist/tex/generic/pgf/math/pgfmathparser.code.tex
\pgfmath@dimen=\dimen145
\pgfmath@count=\count290
\pgfmath@box=\box33
\pgfmath@toks=\toks28
\pgfmath@stack@operand=\toks29
\pgfmath@stack@operation=\toks30
) (/usr/local/texlive/2012/texmf-dist/tex/generic/pgf/math/pgfmathfunctions.code.tex (/usr/local/texlive/2012/texmf-dist/tex/generic/pgf/math/pgfmathfunctions.basic.code.tex) (/usr/local/texlive/2012/texmf-dist/tex/generic/pgf/math/pgfmathfunctions.trigonometric.code.tex) (/usr/local/texlive/2012/texmf-dist/tex/generic/pgf/math/pgfmathfunctions.random.code.tex) (/usr/local/texlive/2012/texmf-dist/tex/generic/pgf/math/pgfmathfunctions.comparison.code.tex) (/usr/local/texlive/2012/texmf-dist/tex/generic/pgf/math/pgfmathfunctions.base.code.tex) (/usr/local/texlive/2012/texmf-dist/tex/generic/pgf/math/pgfmathfunctions.round.code.tex) (/usr/local/texlive/2012/texmf-dist/tex/generic/pgf/math/pgfmathfunctions.misc.code.tex))) (/usr/local/texlive/2012/texmf-dist/tex/generic/pgf/math/pgfmathfloat.code.tex
\c@pgfmathroundto@lastzeros=\count291
)) (/usr/local/texlive/2012/texmf-dist/tex/generic/pgf/basiclayer/pgfcorepoints.code.tex
File: pgfcorepoints.code.tex 2010/04/09  (rcs-revision 1.20)
\pgf@picminx=\dimen146
\pgf@picmaxx=\dimen147
\pgf@picminy=\dimen148
\pgf@picmaxy=\dimen149
\pgf@pathminx=\dimen150
\pgf@pathmaxx=\dimen151
\pgf@pathminy=\dimen152
\pgf@pathmaxy=\dimen153
\pgf@xx=\dimen154
\pgf@xy=\dimen155
\pgf@yx=\dimen156
\pgf@yy=\dimen157
\pgf@zx=\dimen158
\pgf@zy=\dimen159
) (/usr/local/texlive/2012/texmf-dist/tex/generic/pgf/basiclayer/pgfcorepathconstruct.code.tex
File: pgfcorepathconstruct.code.tex 2010/08/03  (rcs-revision 1.24)
\pgf@path@lastx=\dimen160
\pgf@path@lasty=\dimen161
) (/usr/local/texlive/2012/texmf-dist/tex/generic/pgf/basiclayer/pgfcorepathusage.code.tex
File: pgfcorepathusage.code.tex 2008/04/22  (rcs-revision 1.12)
\pgf@shorten@end@additional=\dimen162
\pgf@shorten@start@additional=\dimen163
) (/usr/local/texlive/2012/texmf-dist/tex/generic/pgf/basiclayer/pgfcorescopes.code.tex
File: pgfcorescopes.code.tex 2010/09/08  (rcs-revision 1.34)
\pgfpic=\box34
\pgf@hbox=\box35
\pgf@layerbox@main=\box36
\pgf@picture@serial@count=\count292
) (/usr/local/texlive/2012/texmf-dist/tex/generic/pgf/basiclayer/pgfcoregraphicstate.code.tex
File: pgfcoregraphicstate.code.tex 2008/04/22  (rcs-revision 1.9)
\pgflinewidth=\dimen164
) (/usr/local/texlive/2012/texmf-dist/tex/generic/pgf/basiclayer/pgfcoretransformations.code.tex
File: pgfcoretransformations.code.tex 2009/06/10  (rcs-revision 1.11)
\pgf@pt@x=\dimen165
\pgf@pt@y=\dimen166
\pgf@pt@temp=\dimen167
) (/usr/local/texlive/2012/texmf-dist/tex/generic/pgf/basiclayer/pgfcorequick.code.tex
File: pgfcorequick.code.tex 2008/10/09  (rcs-revision 1.3)
) (/usr/local/texlive/2012/texmf-dist/tex/generic/pgf/basiclayer/pgfcoreobjects.code.tex
File: pgfcoreobjects.code.tex 2006/10/11  (rcs-revision 1.2)
) (/usr/local/texlive/2012/texmf-dist/tex/generic/pgf/basiclayer/pgfcorepathprocessing.code.tex
File: pgfcorepathprocessing.code.tex 2008/10/09  (rcs-revision 1.8)
) (/usr/local/texlive/2012/texmf-dist/tex/generic/pgf/basiclayer/pgfcorearrows.code.tex
File: pgfcorearrows.code.tex 2008/04/23  (rcs-revision 1.11)
) (/usr/local/texlive/2012/texmf-dist/tex/generic/pgf/basiclayer/pgfcoreshade.code.tex
File: pgfcoreshade.code.tex 2008/11/23  (rcs-revision 1.13)
\pgf@max=\dimen168
\pgf@sys@shading@range@num=\count293
) (/usr/local/texlive/2012/texmf-dist/tex/generic/pgf/basiclayer/pgfcoreimage.code.tex
File: pgfcoreimage.code.tex 2010/03/25  (rcs-revision 1.16)
 (/usr/local/texlive/2012/texmf-dist/tex/generic/pgf/basiclayer/pgfcoreexternal.code.tex
File: pgfcoreexternal.code.tex 2010/09/01  (rcs-revision 1.17)
\pgfexternal@startupbox=\box37
)) (/usr/local/texlive/2012/texmf-dist/tex/generic/pgf/basiclayer/pgfcorelayers.code.tex
File: pgfcorelayers.code.tex 2010/08/27  (rcs-revision 1.2)
) (/usr/local/texlive/2012/texmf-dist/tex/generic/pgf/basiclayer/pgfcoretransparency.code.tex
File: pgfcoretransparency.code.tex 2008/01/17  (rcs-revision 1.2)
) (/usr/local/texlive/2012/texmf-dist/tex/generic/pgf/basiclayer/pgfcorepatterns.code.tex
File: pgfcorepatterns.code.tex 2009/07/02  (rcs-revision 1.3)
))) (/usr/local/texlive/2012/texmf-dist/tex/generic/pgf/modules/pgfmoduleshapes.code.tex
File: pgfmoduleshapes.code.tex 2010/09/09  (rcs-revision 1.13)
\pgfnodeparttextbox=\box38
) (/usr/local/texlive/2012/texmf-dist/tex/generic/pgf/modules/pgfmoduleplot.code.tex
File: pgfmoduleplot.code.tex 2010/10/22  (rcs-revision 1.8)
) (/usr/local/texlive/2012/texmf-dist/tex/latex/pgf/compatibility/pgfcomp-version-0-65.sty
Package: pgfcomp-version-0-65 2007/07/03 v2.10 (rcs-revision 1.7)
\pgf@nodesepstart=\dimen169
\pgf@nodesepend=\dimen170
) (/usr/local/texlive/2012/texmf-dist/tex/latex/pgf/compatibility/pgfcomp-version-1-18.sty
Package: pgfcomp-version-1-18 2007/07/23 v2.10 (rcs-revision 1.1)
)) (/usr/local/texlive/2012/texmf-dist/tex/latex/pgf/utilities/pgffor.sty (/usr/local/texlive/2012/texmf-dist/tex/latex/pgf/utilities/pgfkeys.sty (/usr/local/texlive/2012/texmf-dist/tex/generic/pgf/utilities/pgfkeys.code.tex)) (/usr/local/texlive/2012/texmf-dist/tex/generic/pgf/utilities/pgffor.code.tex
Package: pgffor 2010/03/23 v2.10 (rcs-revision 1.18)
\pgffor@iter=\dimen171
\pgffor@skip=\dimen172
\pgffor@stack=\toks31
\pgffor@toks=\toks32
)) (/usr/local/texlive/2012/texmf-dist/tex/generic/pgf/frontendlayer/tikz/tikz.code.tex
Package: tikz 2010/10/13 v2.10 (rcs-revision 1.76)
 (/usr/local/texlive/2012/texmf-dist/tex/generic/pgf/libraries/pgflibraryplothandlers.code.tex
File: pgflibraryplothandlers.code.tex 2010/05/31 v2.10 (rcs-revision 1.15)
\pgf@plot@mark@count=\count294
\pgfplotmarksize=\dimen173
)
\tikz@lastx=\dimen174
\tikz@lasty=\dimen175
\tikz@lastxsaved=\dimen176
\tikz@lastysaved=\dimen177
\tikzleveldistance=\dimen178
\tikzsiblingdistance=\dimen179
\tikz@figbox=\box39
\tikz@tempbox=\box40
\tikztreelevel=\count295
\tikznumberofchildren=\count296
\tikznumberofcurrentchild=\count297
\tikz@fig@count=\count298
 (/usr/local/texlive/2012/texmf-dist/tex/generic/pgf/modules/pgfmodulematrix.code.tex
File: pgfmodulematrix.code.tex 2010/08/24  (rcs-revision 1.4)
\pgfmatrixcurrentrow=\count299
\pgfmatrixcurrentcolumn=\count300
\pgf@matrix@numberofcolumns=\count301
)
\tikz@expandcount=\count302
 (/usr/local/texlive/2012/texmf-dist/tex/generic/pgf/frontendlayer/tikz/libraries/tikzlibrarytopaths.code.tex
File: tikzlibrarytopaths.code.tex 2008/06/17 v2.10 (rcs-revision 1.2)
))) (/usr/local/texlive/2012/texmf-dist/tex/generic/pgf/frontendlayer/tikz/libraries/tikzlibrarypatterns.code.tex
File: tikzlibrarypatterns.code.tex 2008/01/15 v2.10 (rcs-revision 1.2)
 (/usr/local/texlive/2012/texmf-dist/tex/generic/pgf/libraries/pgflibrarypatterns.code.tex
File: pgflibrarypatterns.code.tex 2008/03/03 v2.10 (rcs-revision 1.13)
)) (/usr/local/texlive/2012/texmf-dist/tex/generic/pgf/frontendlayer/tikz/libraries/tikzlibraryplotmarks.code.tex
File: tikzlibraryplotmarks.code.tex 2008/01/09 v2.10 (rcs-revision 1.1)
 (/usr/local/texlive/2012/texmf-dist/tex/generic/pgf/libraries/pgflibraryplotmarks.code.tex
File: pgflibraryplotmarks.code.tex 2010/10/15 v2.10 (rcs-revision 1.12)
))
Package biblatex Info: Trying to load language 'english'...
Package biblatex Info: ... file 'english.lbx' found.
 (/usr/local/texlive/2012/texmf-dist/tex/latex/biblatex/lbx/english.lbx
File: english.lbx 2011/11/13 v1.7 biblatex localization
)
\@quotelevel=\count303
\@quotereset=\count304
 (./TSWLatexianTemp_004285.aux

LaTeX Warning: Label `fig:SMD1' multiply defined.


LaTeX Warning: Label `eq:asymCS' multiply defined.


LaTeX Warning: Label `fig:ansM' multiply defined.


LaTeX Warning: Label `fig:sinFit' multiply defined.


LaTeX Warning: Label `eq:mptrelate' multiply defined.

./TSWLatexianTemp_004285.aux:161: Missing \endcsname inserted.
<to be read again> 
                   \eta 
l.161 ... cone radii\relax }{figure.caption.43}{}}
                                                  
The control sequence marked <to be read again> should
not appear between \csname and \endcsname.


LaTeX Warning: Label `fig:allConesPt $\eta > 0$' multiply defined.

./TSWLatexianTemp_004285.aux:161: Missing \endcsname inserted.
<to be read again> 
                   \eta 
l.161 ... cone radii\relax }{figure.caption.43}{}}
                                                  
The control sequence marked <to be read again> should
not appear between \csname and \endcsname.

)
\openout1 = `TSWLatexianTemp_004285.aux'.

LaTeX Font Info:    Checking defaults for OML/cmm/m/it on input line 70.
LaTeX Font Info:    ... okay on input line 70.
LaTeX Font Info:    Checking defaults for T1/cmr/m/n on input line 70.
LaTeX Font Info:    ... okay on input line 70.
LaTeX Font Info:    Checking defaults for OT1/cmr/m/n on input line 70.
LaTeX Font Info:    ... okay on input line 70.
LaTeX Font Info:    Checking defaults for OMS/cmsy/m/n on input line 70.
LaTeX Font Info:    ... okay on input line 70.
LaTeX Font Info:    Checking defaults for OMX/cmex/m/n on input line 70.
LaTeX Font Info:    ... okay on input line 70.
LaTeX Font Info:    Checking defaults for U/cmr/m/n on input line 70.
LaTeX Font Info:    ... okay on input line 70.
LaTeX Font Info:    Checking defaults for PD1/pdf/m/n on input line 70.
LaTeX Font Info:    ... okay on input line 70.
 (/usr/local/texlive/2012/texmf-dist/tex/context/base/supp-pdf.mkii
[Loading MPS to PDF converter (version 2006.09.02).]
\scratchcounter=\count305
\scratchdimen=\dimen180
\scratchbox=\box41
\nofMPsegments=\count306
\nofMParguments=\count307
\everyMPshowfont=\toks33
\MPscratchCnt=\count308
\MPscratchDim=\dimen181
\MPnumerator=\count309
\makeMPintoPDFobject=\count310
\everyMPtoPDFconversion=\toks34
)
*geometry* driver: auto-detecting
*geometry* detected driver: pdftex
*geometry* verbose mode - [ preamble ] result:
* driver: pdftex
* paper: <default>
* layout: <same size as paper>
* layoutoffset:(h,v)=(0.0pt,0.0pt)
* modes: 
* h-part:(L,W,R)=(85.35826pt, 426.79141pt, 85.35826pt)
* v-part:(T,H,B)=(85.35826pt, 674.33041pt, 85.35826pt)
* \paperwidth=597.50793pt
* \paperheight=845.04694pt
* \textwidth=426.79141pt
* \textheight=674.33041pt
* \oddsidemargin=13.08827pt
* \evensidemargin=13.08827pt
* \topmargin=-24.31174pt
* \headheight=17.0pt
* \headsep=20.40001pt
* \topskip=11.0pt
* \footskip=47.60002pt
* \marginparwidth=59.7508pt
* \marginparsep=12.8401pt
* \columnsep=10.0pt
* \skip\footins=10.0pt plus 4.0pt minus 2.0pt
* \hoffset=0.0pt
* \voffset=0.0pt
* \mag=1000
* \@twocolumnfalse
* \@twosidefalse
* \@mparswitchfalse
* \@reversemarginfalse
* (1in=72.27pt=25.4mm, 1cm=28.453pt)

Package caption Info: Begin \AtBeginDocument code.
Package caption Info: subfig package v1.3 is loaded.
Package caption Info: hyperref package is loaded.
Package caption Info: rotating package is loaded.
Package caption Info: wrapfig package is loaded.
Package caption Info: End \AtBeginDocument code.
Package biblatex Info: No input encoding detected.
(biblatex)             Assuming 'ascii'.
Package biblatex Info: Automatic encoding selection.
(biblatex)             Assuming data encoding 'ascii'.
\openout3 = `TSWLatexianTemp_004285-blx.bib'.

Package biblatex Info: Trying to load bibliographic data...
Package biblatex Info: ... file 'TSWLatexianTemp_004285.bbl' not found.
No file TSWLatexianTemp_004285.bbl.
Package biblatex Info: Reference section=0 on input line 70.
Package biblatex Info: Reference segment=0 on input line 70.
\AtBeginShipoutBox=\box42
Package hyperref Info: Link coloring ON on input line 70.
(/usr/local/texlive/2012/texmf-dist/tex/latex/hyperref/nameref.sty
Package: nameref 2010/04/30 v2.40 Cross-referencing by name of section
 (/usr/local/texlive/2012/texmf-dist/tex/generic/oberdiek/gettitlestring.sty
Package: gettitlestring 2010/12/03 v1.4 Cleanup title references (HO)
)
\c@section@level=\count311
)
LaTeX Info: Redefining \ref on input line 70.
LaTeX Info: Redefining \pageref on input line 70.
LaTeX Info: Redefining \nameref on input line 70.
 (./TSWLatexianTemp_004285.out) (./TSWLatexianTemp_004285.out)
\@outlinefile=\write5
\openout5 = `TSWLatexianTemp_004285.out'.

 ABD: EveryShipout initializing macros
LaTeX Font Info:    Try loading font information for U+msa on input line 76.
 (/usr/local/texlive/2012/texmf-dist/tex/latex/amsfonts/umsa.fd
File: umsa.fd 2009/06/22 v3.00 AMS symbols A
)
LaTeX Font Info:    Try loading font information for U+msb on input line 76.
 (/usr/local/texlive/2012/texmf-dist/tex/latex/amsfonts/umsb.fd
File: umsb.fd 2009/06/22 v3.00 AMS symbols B
) [1



{/usr/local/texlive/2012/texmf-var/fonts/map/pdftex/updmap/pdftex.map}] [2


] (./TSWLatexianTemp_004285.toc [3

])
\tf@toc=\write6
\openout6 = `TSWLatexianTemp_004285.toc'.

 [4] (./TSWLatexianTemp_004285.lof [5

] [6])
\tf@lof=\write7
\openout7 = `TSWLatexianTemp_004285.lof'.

 [7] (./TSWLatexianTemp_004285.lot)
\tf@lot=\write8
\openout8 = `TSWLatexianTemp_004285.lot'.

 [8

] [9

] [10]
Chapter 1.
[11

]
Underfull \hbox (badness 10000) in paragraph at lines 132--133

 []

[12] <allDistsPic3.pdf, id=327, 881.2925pt x 1060.96375pt>
File: allDistsPic3.pdf Graphic file (type pdf)
 <use allDistsPic3.pdf>
Package pdftex.def Info: allDistsPic3.pdf used on input line 136.
(pdftex.def)             Requested size: 426.79141pt x 513.80592pt.


LaTeX Warning: Reference `pdfDist' on page 13 undefined on input line 145.


LaTeX Warning: Reference `pdfDist' on page 13 undefined on input line 145.


Underfull \hbox (badness 10000) in paragraph at lines 145--146

 []

<pdfDistributions.pdf, id=328, 714.67pt x 387.4475pt>
File: pdfDistributions.pdf Graphic file (type pdf)
 <use pdfDistributions.pdf>
Package pdftex.def Info: pdfDistributions.pdf used on input line 149.
(pdftex.def)             Requested size: 426.79141pt x 231.37657pt.
 [13] [14 <./allDistsPic3.pdf>] [15 <./pdfDistributions.pdf>] <otherFrac2.pdf, id=365, 441.65pt x 114.4275pt>
File: otherFrac2.pdf Graphic file (type pdf)
 <use otherFrac2.pdf>
Package pdftex.def Info: otherFrac2.pdf used on input line 171.
(pdftex.def)             Requested size: 298.75269pt x 77.40808pt.
 <IFFwrite.pdf, id=366, 443.6575pt x 124.465pt>
File: IFFwrite.pdf Graphic file (type pdf)
 <use IFFwrite.pdf>
Package pdftex.def Info: IFFwrite.pdf used on input line 183.
(pdftex.def)             Requested size: 298.75269pt x 83.81273pt.
 [16 <./otherFrac2.pdf>] [17 <./IFFwrite.pdf>]
Chapter 2.

LaTeX Warning: Reference `bib:' on page 18 undefined on input line 199.

[18

] <helicityDistFromHermes.pdf, id=401, 1165.35374pt x 476.78125pt>
File: helicityDistFromHermes.pdf Graphic file (type pdf)
 <use helicityDistFromHermes.pdf>
Package pdftex.def Info: helicityDistFromHermes.pdf used on input line 217.
(pdftex.def)             Requested size: 426.79141pt x 174.60934pt.
 [19 <./helicityDistFromHermes.pdf>]

LaTeX Warning: Citation 'extractIFF' on page 20 undefined on input line 234.

<BelleAnnModulationM.pdf, id=421, 825.0825pt x 557.08125pt>
File: BelleAnnModulationM.pdf Graphic file (type pdf)
 <use BelleAnnModulationM.pdf>
Package pdftex.def Info: BelleAnnModulationM.pdf used on input line 238.
(pdftex.def)             Requested size: 426.79141pt x 288.16235pt.
 [20 <./BelleAnnModulationM.pdf>]
Chapter 3.
[21

] <rhicBNL.pdf, id=441, 281.40533pt x 432.34093pt>
File: rhicBNL.pdf Graphic file (type pdf)
 <use rhicBNL.pdf>
Package pdftex.def Info: rhicBNL.pdf used on input line 257.
(pdftex.def)             Requested size: 426.79141pt x 655.77306pt.


LaTeX Warning: Float too large for page by 30.64264pt on input line 261.


LaTeX Warning: Citation 'ppCollider' on page 22 undefined on input line 264.


LaTeX Warning: Citation 'ppCollider' on page 22 undefined on input line 265.


LaTeX Warning: Citation 'ppCollider' on page 22 undefined on input line 267.

<spinFlipFromPaper.pdf, id=442, 1002.74625pt x 633.36626pt>
File: spinFlipFromPaper.pdf Graphic file (type pdf)
 <use spinFlipFromPaper.pdf>
Package pdftex.def Info: spinFlipFromPaper.pdf used on input line 270.
(pdftex.def)             Requested size: 426.79141pt x 269.57817pt.
 [22] [23 <./rhicBNL.pdf>] <tpcSchem.pdf, id=459, 1009.7725pt x 697.60625pt>
File: tpcSchem.pdf Graphic file (type pdf)
 <use tpcSchem.pdf>
Package pdftex.def Info: tpcSchem.pdf used on input line 288.
(pdftex.def)             Requested size: 426.79141pt x 294.85542pt.
 [24 <./spinFlipFromPaper.pdf>] [25 <./tpcSchem.pdf>] <tpcPAD.pdf, id=492, 903.375pt x 534.99875pt>
File: tpcPAD.pdf Graphic file (type pdf)
 <use tpcPAD.pdf>
Package pdftex.def Info: tpcPAD.pdf used on input line 307.
(pdftex.def)             Requested size: 426.79141pt x 252.75558pt.


LaTeX Warning: Reference `fig:tpcPAD' on page 26 undefined on input line 314.


LaTeX Warning: Citation 'TPC' on page 26 undefined on input line 314.

[26] <tpc_dEdx.pdf, id=497, 913.4125pt x 630.355pt>
File: tpc_dEdx.pdf Graphic file (type pdf)
 <use tpc_dEdx.pdf>
Package pdftex.def Info: tpc_dEdx.pdf used on input line 320.
(pdftex.def)             Requested size: 426.79141pt x 294.52596pt.
 [27 <./tpcPAD.pdf>] [28 <./tpc_dEdx.pdf>]
Overfull \hbox (2.08408pt too wide) in paragraph at lines 335--336
[]\OT1/cmr/m/n/10.95 The ac-tive scin-til-lat-ing lay-ers, both pre-shower and reg-u-lar, are made of Ku-raray SCSN81
 []

[29] <BEMC1.pdf, id=532, 549.05125pt x 568.1225pt>
File: BEMC1.pdf Graphic file (type pdf)
 <use BEMC1.pdf>
Package pdftex.def Info: BEMC1.pdf used on input line 339.
(pdftex.def)             Requested size: 298.75269pt x 309.1395pt.
 <BEMC2.pdf, id=533, 659.46375pt x 594.22pt>
File: BEMC2.pdf Graphic file (type pdf)
 <use BEMC2.pdf>
Package pdftex.def Info: BEMC2.pdf used on input line 348.
(pdftex.def)             Requested size: 298.75269pt x 269.20087pt.


LaTeX Warning: Reference `fig:SMD2' on page 30 undefined on input line 354.


LaTeX Warning: Reference `fig:SMD2' on page 30 undefined on input line 354.


LaTeX Warning: Citation 'BEMC' on page 30 undefined on input line 354.

[30 <./BEMC1.pdf>] [31 <./BEMC2.pdf>] <SMD2.pdf, id=563, 890.32625pt x 222.8325pt>
File: SMD2.pdf Graphic file (type pdf)
 <use SMD2.pdf>
Package pdftex.def Info: SMD2.pdf used on input line 358.
(pdftex.def)             Requested size: 256.07744pt x 64.08934pt.
 <SMD1.pdf, id=564, 792.9625pt x 556.0775pt>
File: SMD1.pdf Graphic file (type pdf)
 <use SMD1.pdf>
Package pdftex.def Info: SMD1.pdf used on input line 367.
(pdftex.def)             Requested size: 256.07744pt x 179.57756pt.
 [32 <./SMD2.pdf> <./SMD1.pdf>] <vpdDetector.pdf, id=591, 1088.065pt x 380.42125pt>
File: vpdDetector.pdf Graphic file (type pdf)
 <use vpdDetector.pdf>
Package pdftex.def Info: vpdDetector.pdf used on input line 387.
(pdftex.def)             Requested size: 341.43442pt x 119.37474pt.
 <vpdAssembly.pdf, id=592, 1159.33125pt x 590.205pt>
File: vpdAssembly.pdf Graphic file (type pdf)
 <use vpdAssembly.pdf>
Package pdftex.def Info: vpdAssembly.pdf used on input line 395.
(pdftex.def)             Requested size: 256.07744pt x 130.36783pt.


LaTeX Warning: Citation 'TOFppVPD' on page 33 undefined on input line 401.

[33 <./vpdDetector.pdf>] <starToF.pdf, id=611, 853.1875pt x 289.08pt>
File: starToF.pdf Graphic file (type pdf)
 <use starToF.pdf>
Package pdftex.def Info: starToF.pdf used on input line 408.
(pdftex.def)             Requested size: 384.10966pt x 130.14655pt.
 [34 <./vpdAssembly.pdf> <./starToF.pdf>] [35]
Chapter 4.

LaTeX Warning: Citation 'bacchettaRedici2' on page 36 undefined on input line 437.


LaTeX Warning: Citation 'bacchettaRedici2' on page 36 undefined on input line 460.

[36

] [37]

LaTeX Warning: Citation 'bacchettaRedici2' on page 38 undefined on input line 480.


LaTeX Warning: Citation 'bacchettaRedici2' on page 38 undefined on input line 500.


LaTeX Warning: Citation 'Tang' on page 38 undefined on input line 500.

<angleDeff_NEW.pdf, id=661, 527.9725pt x 446.66875pt>
File: angleDeff_NEW.pdf Graphic file (type pdf)
 <use angleDeff_NEW.pdf>
Package pdftex.def Info: angleDeff_NEW.pdf used on input line 505.
(pdftex.def)             Requested size: 426.79141pt x 361.07043pt.
 [38] [39 <./angleDeff_NEW.pdf>]
Chapter 5.
<ansM_new.pdf, id=682, 703.62875pt x 664.4825pt>
File: ansM_new.pdf Graphic file (type pdf)
 <use ansM_new.pdf>
Package pdftex.def Info: ansM_new.pdf used on input line 518.
(pdftex.def)             Requested size: 426.79141pt x 403.04227pt.
 <ansAngles_new.pdf, id=683, 698.61pt x 657.45625pt>
File: ansAngles_new.pdf Graphic file (type pdf)
 <use ansAngles_new.pdf>
Package pdftex.def Info: ansAngles_new.pdf used on input line 526.
(pdftex.def)             Requested size: 426.79141pt x 401.64964pt.
 <ansEta_new.pdf, id=684, 709.65125pt x 667.49374pt>
File: ansEta_new.pdf Graphic file (type pdf)
 <use ansEta_new.pdf>
Package pdftex.def Info: ansEta_new.pdf used on input line 534.
(pdftex.def)             Requested size: 426.79141pt x 401.44656pt.
 <2006SimX.pdf, id=685, 693.59125pt x 466.74374pt>
File: 2006SimX.pdf Graphic file (type pdf)
 <use 2006SimX.pdf>
Package pdftex.def Info: 2006SimX.pdf used on input line 542.
(pdftex.def)             Requested size: 426.79141pt x 287.21306pt.
 [40

] [41 <./ansM_new.pdf>] [42 <./ansAngles_new.pdf>] [43 <./ansEta_new.pdf>] [44 <./2006SimX.pdf>]
Chapter 6.

Package hyperref Warning: Token not allowed in a PDF string (PDFDocEncoding):
(hyperref)                removing `math shift' on input line 557.


Package hyperref Warning: Token not allowed in a PDF string (PDFDocEncoding):
(hyperref)                removing `\pi' on input line 557.


Package hyperref Warning: Token not allowed in a PDF string (PDFDocEncoding):
(hyperref)                removing `superscript' on input line 557.


Package hyperref Warning: Token not allowed in a PDF string (PDFDocEncoding):
(hyperref)                removing `\pi' on input line 557.


Package hyperref Warning: Token not allowed in a PDF string (PDFDocEncoding):
(hyperref)                removing `superscript' on input line 557.


Package hyperref Warning: Token not allowed in a PDF string (PDFDocEncoding):
(hyperref)                removing `math shift' on input line 557.

<starPic6.pdf, id=748, 499.8675pt x 423.5825pt>
File: starPic6.pdf Graphic file (type pdf)
 <use starPic6.pdf>
Package pdftex.def Info: starPic6.pdf used on input line 560.
(pdftex.def)             Requested size: 298.75269pt x 253.16904pt.
 [45

] <dedxforPID.pdf, id=758, 411.5375pt x 266.9975pt>
File: dedxforPID.pdf Graphic file (type pdf)
 <use dedxforPID.pdf>
Package pdftex.def Info: dedxforPID.pdf used on input line 573.
(pdftex.def)             Requested size: 426.79141pt x 276.89676pt.
 <nSigma_05_1.pdf, id=759, 569.12625pt x 552.0625pt>
File: nSigma_05_1.pdf Graphic file (type pdf)
 <use nSigma_05_1.pdf>
Package pdftex.def Info: nSigma_05_1.pdf used on input line 582.
(pdftex.def)             Requested size: 426.79141pt x 414.01216pt.
 <nSigmaVsEta_witherrors.pdf, id=760, 569.12625pt x 408.52625pt>
File: nSigmaVsEta_witherrors.pdf Graphic file (type pdf)
 <use nSigmaVsEta_witherrors.pdf>
Package pdftex.def Info: nSigmaVsEta_witherrors.pdf used on input line 590.
(pdftex.def)             Requested size: 426.79141pt x 306.369pt.
 <coneNew3.pdf, id=761, 499.8675pt x 607.26875pt>
File: coneNew3.pdf Graphic file (type pdf)
 <use coneNew3.pdf>
Package pdftex.def Info: coneNew3.pdf used on input line 600.
(pdftex.def)             Requested size: 426.79141pt x 518.50668pt.
 [46 <./starPic6.pdf>] [47 <./dedxforPID.pdf>] [48 <./nSigma_05_1.pdf, page is rotated 90 degrees>] [49 <./nSigmaVsEta_witherrors.pdf, page is rotated 90 degrees>] [50 <./coneNew3.pdf>] <invMassSameVsOpp4.pdf, id=897, 569.12625pt x 408.52625pt>
File: invMassSameVsOpp4.pdf Graphic file (type pdf)
 <use invMassSameVsOpp4.pdf>
Package pdftex.def Info: invMassSameVsOpp4.pdf used on input line 617.
(pdftex.def)             Requested size: 426.79141pt x 306.369pt.
 <diffInvMassSameOpp2.pdf, id=898, 569.12625pt x 408.52625pt>
File: diffInvMassSameOpp2.pdf Graphic file (type pdf)
 <use diffInvMassSameOpp2.pdf>
Package pdftex.def Info: diffInvMassSameOpp2.pdf used on input line 625.
(pdftex.def)             Requested size: 426.79141pt x 306.369pt.
 [51] [52 <./invMassSameVsOpp4.pdf, page is rotated 90 degrees>] [53 <./diffInvMassSameOpp2.pdf, page is rotated 90 degrees>] [54]
Underfull \hbox (badness 10000) in paragraph at lines 701--702

 []

[55]
Overfull \hbox (25.45654pt too wide) in paragraph at lines 712--712
[] 
 []

<sinFit3.pdf, id=1024, 794.97pt x 614.295pt>
File: sinFit3.pdf Graphic file (type pdf)
 <use sinFit3.pdf>
Package pdftex.def Info: sinFit3.pdf used on input line 720.
(pdftex.def)             Requested size: 426.79141pt x 329.80219pt.
File: sinFit3.pdf Graphic file (type pdf)
 <use sinFit3.pdf>
Package pdftex.def Info: sinFit3.pdf used on input line 728.
(pdftex.def)             Requested size: 674.33041pt x 521.08464pt.
 [56] [57 <./sinFit3.pdf>] [58]
Chapter 7.
<allConesPt.pdf, id=1349, 569.12625pt x 408.52625pt>
File: allConesPt.pdf Graphic file (type pdf)
 <use allConesPt.pdf>
Package pdftex.def Info: allConesPt.pdf used on input line 762.
(pdftex.def)             Requested size: 298.75269pt x 214.45456pt.
 <allConesMass.pdf, id=1350, 569.12625pt x 408.52625pt>
File: allConesMass.pdf Graphic file (type pdf)
 <use allConesMass.pdf>
Package pdftex.def Info: allConesMass.pdf used on input line 770.
(pdftex.def)             Requested size: 298.75269pt x 214.45456pt.
 <allConesEta.pdf, id=1351, 569.12625pt x 408.52625pt>
File: allConesEta.pdf Graphic file (type pdf)
 <use allConesEta.pdf>
Package pdftex.def Info: allConesEta.pdf used on input line 778.
(pdftex.def)             Requested size: 298.75269pt x 214.45456pt.
 [59

] [60 <./allConesPt.pdf, page is rotated 90 degrees> <./allConesMass.pdf, page is rotated 90 degrees>] [61 <./allConesEta.pdf, page is rotated 90 degrees>]
Underfull \hbox (badness 10000) in paragraph at lines 824--825

 []

<sinminussin.pdf, id=1505, 794.97pt x 614.295pt>
File: sinminussin.pdf Graphic file (type pdf)
 <use sinminussin.pdf>
Package pdftex.def Info: sinminussin.pdf used on input line 832.
(pdftex.def)             Requested size: 213.3957pt x 164.89641pt.
 <randomSpin.pdf, id=1506, 569.12625pt x 503.8825pt>
File: randomSpin.pdf Graphic file (type pdf)
 <use randomSpin.pdf>
Package pdftex.def Info: randomSpin.pdf used on input line 840.
(pdftex.def)             Requested size: 426.79141pt x 377.88019pt.
 <randomCharge.pdf, id=1507, 569.12625pt x 503.8825pt>
File: randomCharge.pdf Graphic file (type pdf)
 <use randomCharge.pdf>
Package pdftex.def Info: randomCharge.pdf used on input line 848.
(pdftex.def)             Requested size: 426.79141pt x 377.88019pt.
 [62] [63 <./sinminussin.pdf>] [64 <./randomSpin.pdf, page is rotated 90 degrees>] [65 <./randomCharge.pdf, page is rotated 90 degrees>]
Package epstopdf Info: Source file: <ptEtaLargeLabels2.eps>
(epstopdf)                    date: 2015-04-03 14:33:57
(epstopdf)                    size: 340953 bytes
(epstopdf)             Output file: <ptEtaLargeLabels2-eps-converted-to.pdf>
(epstopdf)                    date: 2015-06-24 17:46:03
(epstopdf)                    size: 13269 bytes
(epstopdf)             Command: <epstopdf --outfile=ptEtaLargeLabels2-eps-converted-to.pdf ptEtaLargeLabels2.eps>
(epstopdf)             \includegraphics on input line 880.
Package epstopdf Info: Output file is already uptodate.
 <ptEtaLargeLabels2-eps-converted-to.pdf, id=1619, 1026.83624pt x 541.02126pt>
File: ptEtaLargeLabels2-eps-converted-to.pdf Graphic file (type pdf)
 <use ptEtaLargeLabels2-eps-converted-to.pdf>
Package pdftex.def Info: ptEtaLargeLabels2-eps-converted-to.pdf used on input line 880.
(pdftex.def)             Requested size: 674.33041pt x 355.29198pt.
Package epstopdf Info: Source file: <ptEtaXZ_2.eps>
(epstopdf)                    date: 2015-04-03 15:16:07
(epstopdf)                    size: 339697 bytes
(epstopdf)             Output file: <ptEtaXZ_2-eps-converted-to.pdf>
(epstopdf)                    date: 2015-06-24 17:56:44
(epstopdf)                    size: 12296 bytes
(epstopdf)             Command: <epstopdf --outfile=ptEtaXZ_2-eps-converted-to.pdf ptEtaXZ_2.eps>
(epstopdf)             \includegraphics on input line 892.
Package epstopdf Info: Output file is already uptodate.
 <ptEtaXZ_2-eps-converted-to.pdf, id=1620, 1026.83624pt x 541.02126pt>
File: ptEtaXZ_2-eps-converted-to.pdf Graphic file (type pdf)
 <use ptEtaXZ_2-eps-converted-to.pdf>
Package pdftex.def Info: ptEtaXZ_2-eps-converted-to.pdf used on input line 892.
(pdftex.def)             Requested size: 341.43442pt x 179.89143pt.
Package epstopdf Info: Source file: <ptEtaXZ_2.eps>
(epstopdf)                    date: 2015-04-03 15:16:07
(epstopdf)                    size: 339697 bytes
(epstopdf)             Output file: <ptEtaXZ_2-eps-converted-to.pdf>
(epstopdf)                    date: 2015-06-24 17:56:44
(epstopdf)                    size: 12296 bytes
(epstopdf)             Command: <epstopdf --outfile=ptEtaXZ_2-eps-converted-to.pdf ptEtaXZ_2.eps>
(epstopdf)             \includegraphics on input line 897.
Package epstopdf Info: Output file is already uptodate.
File: ptEtaXZ_2-eps-converted-to.pdf Graphic file (type pdf)
 <use ptEtaXZ_2-eps-converted-to.pdf>
Package pdftex.def Info: ptEtaXZ_2-eps-converted-to.pdf used on input line 897.
(pdftex.def)             Requested size: 341.43442pt x 179.89143pt.
Package epstopdf Info: Source file: <ptEtaXZ_2.eps>
(epstopdf)                    date: 2015-04-03 15:16:07
(epstopdf)                    size: 339697 bytes
(epstopdf)             Output file: <ptEtaXZ_2-eps-converted-to.pdf>
(epstopdf)                    date: 2015-06-24 17:56:44
(epstopdf)                    size: 12296 bytes
(epstopdf)             Command: <epstopdf --outfile=ptEtaXZ_2-eps-converted-to.pdf ptEtaXZ_2.eps>
(epstopdf)             \includegraphics on input line 901.
Package epstopdf Info: Output file is already uptodate.
File: ptEtaXZ_2-eps-converted-to.pdf Graphic file (type pdf)
 <use ptEtaXZ_2-eps-converted-to.pdf>
Package pdftex.def Info: ptEtaXZ_2-eps-converted-to.pdf used on input line 901.
(pdftex.def)             Requested size: 341.43442pt x 179.89143pt.


LaTeX Warning: Float too large for page by 41.7439pt on input line 905.

[66

] [67 <./ptEtaLargeLabels2-eps-converted-to.pdf>] [68 <./ptEtaXZ_2-eps-converted-to.pdf>]

LaTeX Warning: Reference `tofnsigbiglines' on page 69 undefined on input line 922.

[69] <TofNSigmaPiPbins_new.pdf, id=1682, 569.12625pt x 408.52625pt>
File: TofNSigmaPiPbins_new.pdf Graphic file (type pdf)
 <use TofNSigmaPiPbins_new.pdf>
Package pdftex.def Info: TofNSigmaPiPbins_new.pdf used on input line 926.
(pdftex.def)             Requested size: 426.79141pt x 306.369pt.
 <tofnsigbiglines.pdf, id=1683, 759.83875pt x 676.5275pt>
File: tofnsigbiglines.pdf Graphic file (type pdf)
 <use tofnsigbiglines.pdf>
Package pdftex.def Info: tofnsigbiglines.pdf used on input line 934.
(pdftex.def)             Requested size: 426.79141pt x 379.99866pt.
 [70 <./TofNSigmaPiPbins_new.pdf, page is rotated 90 degrees>] [71 <./tofnsigbiglines.pdf>] <AutVMass_KPi.pdf, id=1748, 569.12625pt x 408.52625pt>
File: AutVMass_KPi.pdf Graphic file (type pdf)
 <use AutVMass_KPi.pdf>
Package pdftex.def Info: AutVMass_KPi.pdf used on input line 945.
(pdftex.def)             Requested size: 256.07744pt x 183.82265pt.
 <AsymVsM_eta050.pdf, id=1751, 569.12625pt x 408.52625pt>
File: AsymVsM_eta050.pdf Graphic file (type pdf)
 <use AsymVsM_eta050.pdf>
Package pdftex.def Info: AsymVsM_eta050.pdf used on input line 959.
(pdftex.def)             Requested size: 256.07744pt x 183.82265pt.
 [72 <./AutVMass_KPi.pdf, page is rotated 90 degrees>] [73 <./AsymVsM_eta050.pdf, page is rotated 90 degrees>]
Chapter 8.
<TriggerBiasXHiQualColor.pdf, id=1848, 794.97pt x 614.295pt>
File: TriggerBiasXHiQualColor.pdf Graphic file (type pdf)
 <use TriggerBiasXHiQualColor.pdf>
Package pdftex.def Info: TriggerBiasXHiQualColor.pdf used on input line 978.
(pdftex.def)             Requested size: 426.79141pt x 329.80219pt.
 [74

] [75 <./TriggerBiasXHiQualColor.pdf>]
Chapter 9.

LaTeX Warning: Citation 'ppCollider' on page 76 undefined on input line 988.


LaTeX Warning: Citation 'hermesHel' on page 76 undefined on input line 988.


LaTeX Warning: Citation 'extractIFF' on page 76 undefined on input line 988.


LaTeX Warning: Citation 'belleIFF' on page 76 undefined on input line 988.


LaTeX Warning: Citation 'BEMC' on page 76 undefined on input line 988.


LaTeX Warning: Citation 'TPC' on page 76 undefined on input line 988.


LaTeX Warning: Citation 'magnet' on page 76 undefined on input line 988.


LaTeX Warning: Citation 'STARoverview' on page 76 undefined on input line 988.


LaTeX Warning: Citation 'RHICoverview' on page 76 undefined on input line 988.


LaTeX Warning: Citation 'compassRes' on page 76 undefined on input line 988.


LaTeX Warning: Citation 'hermesRes' on page 76 undefined on input line 988.


LaTeX Warning: Citation 'crossRatio' on page 76 undefined on input line 988.


Overfull \hbox (427.19519pt too wide) in paragraph at lines 988--989
[]\OT1/cmr/m/n/10.95 testing bib-li-og-ra-phy [[]][[]][[]][[]][[]][[]][[]][[]][[]][[]][[]][[]] 
 []


LaTeX Warning: Empty bibliography on input line 990.

Package atveryend Info: Empty hook `BeforeClearDocument' on input line 995.
[76

]
Package atveryend Info: Empty hook `AfterLastShipout' on input line 995.
 (./TSWLatexianTemp_004285.aux
./TSWLatexianTemp_004285.aux:161: Missing \endcsname inserted.
<to be read again> 
                   \eta 
l.161 ... cone radii\relax }{figure.caption.43}{}}
                                                  
The control sequence marked <to be read again> should
not appear between \csname and \endcsname.

)
Package atveryend Info: Executing hook `AtVeryEndDocument' on input line 995.
Package atveryend Info: Executing hook `AtEndAfterFileList' on input line 995.
Package rerunfilecheck Info: File `TSWLatexianTemp_004285.out' has not changed.
(rerunfilecheck)             Checksum: C3E92B46450B9A139A2662AECCAA36E9;2133.


LaTeX Warning: There were undefined references.


LaTeX Warning: There were multiply-defined labels.


Package biblatex Warning: Please (re)run BibTeX on the file(s):
(biblatex)                TSWLatexianTemp_004285
(biblatex)                and rerun LaTeX afterwards.

Package logreq Info: Writing requests to 'TSWLatexianTemp_004285.run.xml'.
\openout1 = `TSWLatexianTemp_004285.run.xml'.

 ) 
Here is how much of TeX's memory you used:
 22922 strings out of 493488
 405071 string characters out of 3141326
 607748 words of memory out of 3000000
 25572 multiletter control sequences out of 15000+200000
 21058 words of font info for 80 fonts, out of 3000000 for 9000
 957 hyphenation exceptions out of 8191
 65i,18n,71p,1557b,806s stack positions out of 5000i,500n,10000p,200000b,50000s
</usr/local/texlive/2012/texmf-dist/fonts/type1/public/amsfonts/cm/cmbsy10.pfb></usr/local/texlive/2012/texmf-dist/fonts/type1/public/amsfonts/cmextra/cmbsy5.pfb></usr/local/texlive/2012/texmf-dist/fonts/type1/public/amsfonts/cm/cmbx10.pfb></usr/local/texlive/2012/texmf-dist/fonts/type1/public/amsfonts/cm/cmbx12.pfb></usr/local/texlive/2012/texmf-dist/fonts/type1/public/amsfonts/cm/cmbx5.pfb></usr/local/texlive/2012/texmf-dist/fonts/type1/public/amsfonts/cm/cmex10.pfb></usr/local/texlive/2012/texmf-dist/fonts/type1/public/amsfonts/cm/cmmi10.pfb></usr/local/texlive/2012/texmf-dist/fonts/type1/public/amsfonts/cm/cmmi12.pfb></usr/local/texlive/2012/texmf-dist/fonts/type1/public/amsfonts/cm/cmmi6.pfb></usr/local/texlive/2012/texmf-dist/fonts/type1/public/amsfonts/cm/cmmi7.pfb></usr/local/texlive/2012/texmf-dist/fonts/type1/public/amsfonts/cm/cmmi8.pfb></usr/local/texlive/2012/texmf-dist/fonts/type1/public/amsfonts/cm/cmmib10.pfb></usr/local/texlive/2012/texmf-dist/fonts/type1/public/amsfonts/cmextra/cmmib7.pfb></usr/local/texlive/2012/texmf-dist/fonts/type1/public/amsfonts/cm/cmr10.pfb></usr/local/texlive/2012/texmf-dist/fonts/type1/public/amsfonts/cm/cmr12.pfb></usr/local/texlive/2012/texmf-dist/fonts/type1/public/amsfonts/cm/cmr5.pfb></usr/local/texlive/2012/texmf-dist/fonts/type1/public/amsfonts/cm/cmr6.pfb></usr/local/texlive/2012/texmf-dist/fonts/type1/public/amsfonts/cm/cmr8.pfb></usr/local/texlive/2012/texmf-dist/fonts/type1/public/amsfonts/cm/cmr9.pfb></usr/local/texlive/2012/texmf-dist/fonts/type1/public/amsfonts/cm/cmssbx10.pfb></usr/local/texlive/2012/texmf-dist/fonts/type1/public/amsfonts/cm/cmsy10.pfb></usr/local/texlive/2012/texmf-dist/fonts/type1/public/amsfonts/cm/cmsy5.pfb></usr/local/texlive/2012/texmf-dist/fonts/type1/public/amsfonts/cm/cmsy6.pfb></usr/local/texlive/2012/texmf-dist/fonts/type1/public/amsfonts/cm/cmsy8.pfb></usr/local/texlive/2012/texmf-dist/fonts/type1/public/amsfonts/symbols/msam10.pfb>
Output written on TSWLatexianTemp_004285.pdf (76 pages, 4275230 bytes).
PDF statistics:
 1993 PDF objects out of 2073 (max. 8388607)
 1409 compressed objects within 15 object streams
 192 named destinations out of 1000 (max. 500000)
 497 words of extra memory for PDF output out of 10000 (max. 10000000)

