\BOOKMARK [0][-]{chapter*.2}{List of Figures}{}% 1
\BOOKMARK [0][-]{chapter*.3}{List of Tables}{}% 2
\BOOKMARK [0][-]{chapter.1}{Introduction}{}% 3
\BOOKMARK [1][-]{section.1.1}{?history of matter/elementary physics/quarks?}{chapter.1}% 4
\BOOKMARK [1][-]{section.1.2}{parton model/QCD?}{chapter.1}% 5
\BOOKMARK [1][-]{section.1.3}{parton distributions}{chapter.1}% 6
\BOOKMARK [1][-]{section.1.4}{Quark Fragmentation}{chapter.1}% 7
\BOOKMARK [0][-]{chapter.2}{Experimental Landscape}{}% 8
\BOOKMARK [1][-]{section.2.1}{Unpolarized Distribution Function}{chapter.2}% 9
\BOOKMARK [1][-]{section.2.2}{The Helicity Distribution Funtion}{chapter.2}% 10
\BOOKMARK [1][-]{section.2.3}{Measuring the Interference Fragmentation Function at Belle}{chapter.2}% 11
\BOOKMARK [0][-]{chapter.3}{RHIC and The STAR Experiment}{}% 12
\BOOKMARK [1][-]{section.3.1}{The RHIC complex}{chapter.3}% 13
\BOOKMARK [1][-]{section.3.2}{The STAR Detector}{chapter.3}% 14
\BOOKMARK [1][-]{section.3.3}{STAR triggers}{chapter.3}% 15
\BOOKMARK [1][-]{section.3.4}{Particle Identification}{chapter.3}% 16
\BOOKMARK [0][-]{chapter.4}{Theoretical background}{}% 17
\BOOKMARK [0][-]{chapter.5}{2006 analysis and sim}{}% 18
\BOOKMARK [0][-]{chapter.6}{2012 IFF}{}% 19
\BOOKMARK [1][-]{section.6.1}{Data Set and Cuts?}{chapter.6}% 20
\BOOKMARK [1][-]{section.6.2}{particle Identification}{chapter.6}% 21
\BOOKMARK [1][-]{section.6.3}{Finding +- Pairs}{chapter.6}% 22
\BOOKMARK [1][-]{section.6.4}{Pair Distributions}{chapter.6}% 23
\BOOKMARK [1][-]{section.6.5}{Determining the angles}{chapter.6}% 24
\BOOKMARK [1][-]{section.6.6}{Calculating The Asymmetry}{chapter.6}% 25
\BOOKMARK [0][-]{chapter.7}{Results}{}% 26
\BOOKMARK [1][-]{section.7.1}{One Dimensional Kinematic Binning}{chapter.7}% 27
\BOOKMARK [1][-]{section.7.2}{Same Sign Pairs}{chapter.7}% 28
\BOOKMARK [1][-]{section.7.3}{Check For False Asymmetries}{chapter.7}% 29
\BOOKMARK [1][-]{section.7.4}{Two Dimensional Kinematic Binning}{chapter.7}% 30
\BOOKMARK [1][-]{section.7.5}{Kaon Pion Pairs}{chapter.7}% 31
\BOOKMARK [0][-]{chapter.8}{Trigger Bias}{}% 32
\BOOKMARK [0][-]{chapter.9}{discussion}{}% 33
